
xv6 kernel is booting

init: starting sh
$ usertests
usertests starting
test manywrites: OK
test execout: OK
test copyin: OK
test copyout: OK
test copyinstr1: OK
test copyinstr2: OK
test copyinstr3: OK
test rwsbrk: OK
test truncate1: OK
test truncate2: OK
test truncate3: OK
test reparent2: OK
test pgbug: OK
test sbrkbugs: usertrap(): unexpected scause 0x000000000000000c pid=3240
            sepc=0x0000000000005696 stval=0x0000000000005696
usertrap(): unexpected scause 0x000000000000000c pid=3241
            sepc=0x0000000000005696 stval=0x0000000000005696
OK
test badarg: OK
test reparent: OK
test twochildren: OK
test forkfork: OK
test forkforkfork: OK
test argptest: OK
test createdelete: OK
test linkunlink: OK
test linktest: OK
test unlinkread: OK
test concreate: OK
test subdir: OK
test fourfiles: OK
test sharedfd: OK
test dirtest: OK
test exectest: OK
test bigargtest: OK
test bigwrite: OK
test bsstest: OK
test sbrkbasic: OK
test sbrkmuch: OK
test kernmem: usertrap(): unexpected scause 0x000000000000000d pid=6167
            sepc=0x000000000000215a stval=0x0000000080000000
usertrap(): unexpected scause 0x000000000000000d pid=6168
            sepc=0x000000000000215a stval=0x000000008000c350
usertrap(): unexpected scause 0x000000000000000d pid=6169
            sepc=0x000000000000215a stval=0x00000000800186a0
usertrap(): unexpected scause 0x000000000000000d pid=6170
            sepc=0x000000000000215a stval=0x00000000800249f0
usertrap(): unexpected scause 0x000000000000000d pid=6171
            sepc=0x000000000000215a stval=0x0000000080030d40
usertrap(): unexpected scause 0x000000000000000d pid=6172
            sepc=0x000000000000215a stval=0x000000008003d090
usertrap(): unexpected scause 0x000000000000000d pid=6173
            sepc=0x000000000000215a stval=0x00000000800493e0
usertrap(): unexpected scause 0x000000000000000d pid=6174
            sepc=0x000000000000215a stval=0x0000000080055730
usertrap(): unexpected scause 0x000000000000000d pid=6175
            sepc=0x000000000000215a stval=0x0000000080061a80
usertrap(): unexpected scause 0x000000000000000d pid=6176
            sepc=0x000000000000215a stval=0x000000008006ddd0
usertrap(): unexpected scause 0x000000000000000d pid=6177
            sepc=0x000000000000215a stval=0x000000008007a120
usertrap(): unexpected scause 0x000000000000000d pid=6178
            sepc=0x000000000000215a stval=0x0000000080086470
usertrap(): unexpected scause 0x000000000000000d pid=6179
            sepc=0x000000000000215a stval=0x00000000800927c0
usertrap(): unexpected scause 0x000000000000000d pid=6180
            sepc=0x000000000000215a stval=0x000000008009eb10
usertrap(): unexpected scause 0x000000000000000d pid=6181
            sepc=0x000000000000215a stval=0x00000000800aae60
usertrap(): unexpected scause 0x000000000000000d pid=6182
            sepc=0x000000000000215a stval=0x00000000800b71b0
usertrap(): unexpected scause 0x000000000000000d pid=6183
            sepc=0x000000000000215a stval=0x00000000800c3500
usertrap(): unexpected scause 0x000000000000000d pid=6184
            sepc=0x000000000000215a stval=0x00000000800cf850
usertrap(): unexpected scause 0x000000000000000d pid=6185
            sepc=0x000000000000215a stval=0x00000000800dbba0
usertrap(): unexpected scause 0x000000000000000d pid=6186
            sepc=0x000000000000215a stval=0x00000000800e7ef0
usertrap(): unexpected scause 0x000000000000000d pid=6187
            sepc=0x000000000000215a stval=0x00000000800f4240
usertrap(): unexpected scause 0x000000000000000d pid=6188
            sepc=0x000000000000215a stval=0x0000000080100590
usertrap(): unexpected scause 0x000000000000000d pid=6189
            sepc=0x000000000000215a stval=0x000000008010c8e0
usertrap(): unexpected scause 0x000000000000000d pid=6190
            sepc=0x000000000000215a stval=0x0000000080118c30
usertrap(): unexpected scause 0x000000000000000d pid=6191
            sepc=0x000000000000215a stval=0x0000000080124f80
usertrap(): unexpected scause 0x000000000000000d pid=6192
            sepc=0x000000000000215a stval=0x00000000801312d0
usertrap(): unexpected scause 0x000000000000000d pid=6193
            sepc=0x000000000000215a stval=0x000000008013d620
usertrap(): unexpected scause 0x000000000000000d pid=6194
            sepc=0x000000000000215a stval=0x0000000080149970
usertrap(): unexpected scause 0x000000000000000d pid=6195
            sepc=0x000000000000215a stval=0x0000000080155cc0
usertrap(): unexpected scause 0x000000000000000d pid=6196
            sepc=0x000000000000215a stval=0x0000000080162010
usertrap(): unexpected scause 0x000000000000000d pid=6197
            sepc=0x000000000000215a stval=0x000000008016e360
usertrap(): unexpected scause 0x000000000000000d pid=6198
            sepc=0x000000000000215a stval=0x000000008017a6b0
usertrap(): unexpected scause 0x000000000000000d pid=6199
            sepc=0x000000000000215a stval=0x0000000080186a00
usertrap(): unexpected scause 0x000000000000000d pid=6200
            sepc=0x000000000000215a stval=0x0000000080192d50
usertrap(): unexpected scause 0x000000000000000d pid=6201
            sepc=0x000000000000215a stval=0x000000008019f0a0
usertrap(): unexpected scause 0x000000000000000d pid=6202
            sepc=0x000000000000215a stval=0x00000000801ab3f0
usertrap(): unexpected scause 0x000000000000000d pid=6203
            sepc=0x000000000000215a stval=0x00000000801b7740
usertrap(): unexpected scause 0x000000000000000d pid=6204
            sepc=0x000000000000215a stval=0x00000000801c3a90
usertrap(): unexpected scause 0x000000000000000d pid=6205
            sepc=0x000000000000215a stval=0x00000000801cfde0
usertrap(): unexpected scause 0x000000000000000d pid=6206
            sepc=0x000000000000215a stval=0x00000000801dc130
OK
test sbrkfail: usertrap(): unexpected scause 0x000000000000000d pid=6214
            sepc=0x00000000000041f4 stval=0x0000000000012000
OK
test sbrkarg: OK
test validatetest: OK
test stacktest: usertrap(): unexpected scause 0x000000000000000d pid=6218
            sepc=0x00000000000022ca stval=0x000000000000fb90
OK
test opentest: OK
test writetest: OK
test writebig: OK
test createtest: OK
test openiput: OK
test exitiput: OK
test iput: OK
test mem: OK
test pipe1: OK
test preempt: kill... wait... OK
test exitwait: OK
test rmdot: OK
test fourteen: OK
test bigfile: OK
test dirfile: OK
test iref: OK
test forktest: OK
test bigdir: OK
ALL TESTS PASSED
$ qemu-system-riscv64: terminating on signal 15 from pid 34229 (make)
